2015/05/03 04:38:08 [error] [exception.CHttpException.403] exception 'CHttpException' with message 'You are not allowed to access this page.' in /data/grissom/projs/wh_svr/yii/framework/gii/GiiModule.php:170
Stack trace:
#0 /data/grissom/projs/wh_svr/yii/framework/web/CController.php(263): GiiModule->beforeControllerAction(Object(DefaultController), Object(CInlineAction))
#1 /data/grissom/projs/wh_svr/yii/framework/web/CWebApplication.php(282): CController->run('')
#2 /data/grissom/projs/wh_svr/yii/framework/web/CWebApplication.php(141): CWebApplication->runController('gii')
#3 /data/grissom/projs/wh_svr/yii/framework/base/CApplication.php(184): CWebApplication->processRequest()
#4 /data/grissom/projs/wh_svr/yii/framework/wh_db/index.php(13): CApplication->run()
#5 {main}
REQUEST_URI=/grissom/wh_db/index.php?r=gii
---
2015/05/03 04:38:28 [error] [exception.CHttpException.403] exception 'CHttpException' with message 'You are not allowed to access this page.' in /data/grissom/projs/wh_svr/yii/framework/gii/GiiModule.php:170
Stack trace:
#0 /data/grissom/projs/wh_svr/yii/framework/web/CController.php(263): GiiModule->beforeControllerAction(Object(DefaultController), Object(CInlineAction))
#1 /data/grissom/projs/wh_svr/yii/framework/web/CWebApplication.php(282): CController->run('')
#2 /data/grissom/projs/wh_svr/yii/framework/web/CWebApplication.php(141): CWebApplication->runController('gii')
#3 /data/grissom/projs/wh_svr/yii/framework/base/CApplication.php(184): CWebApplication->processRequest()
#4 /data/grissom/projs/wh_svr/yii/framework/wh_db/index.php(13): CApplication->run()
#5 {main}
REQUEST_URI=/grissom/wh_db/index.php?r=gii
---
2015/05/03 04:38:29 [error] [exception.CHttpException.403] exception 'CHttpException' with message 'You are not allowed to access this page.' in /data/grissom/projs/wh_svr/yii/framework/gii/GiiModule.php:170
Stack trace:
#0 /data/grissom/projs/wh_svr/yii/framework/web/CController.php(263): GiiModule->beforeControllerAction(Object(DefaultController), Object(CInlineAction))
#1 /data/grissom/projs/wh_svr/yii/framework/web/CWebApplication.php(282): CController->run('')
#2 /data/grissom/projs/wh_svr/yii/framework/web/CWebApplication.php(141): CWebApplication->runController('gii')
#3 /data/grissom/projs/wh_svr/yii/framework/base/CApplication.php(184): CWebApplication->processRequest()
#4 /data/grissom/projs/wh_svr/yii/framework/wh_db/index.php(13): CApplication->run()
#5 {main}
REQUEST_URI=/grissom/wh_db/index.php?r=gii
---
2015/05/03 04:39:26 [error] [exception.CDbException] exception 'CDbException' with message 'CDbConnection failed to open the DB connection: invalid data source name' in /data/grissom/projs/wh_svr/yii/framework/db/CDbConnection.php:399
Stack trace:
#0 /data/grissom/projs/wh_svr/yii/framework/db/CDbConnection.php(347): CDbConnection->open()
#1 /data/grissom/projs/wh_svr/yii/framework/db/CDbConnection.php(325): CDbConnection->setActive(true)
#2 /data/grissom/projs/wh_svr/yii/framework/base/CModule.php(394): CDbConnection->init()
#3 /data/grissom/projs/wh_svr/yii/framework/base/CModule.php(103): CModule->getComponent('db')
#4 /data/grissom/projs/wh_svr/yii/framework/gii/generators/model/ModelCode.php(60): CModule->__get('db')
#5 /data/grissom/projs/wh_svr/yii/framework/web/CFormModel.php(39): ModelCode->init()
#6 /data/grissom/projs/wh_svr/yii/framework/gii/CCodeGenerator.php(153): CFormModel->__construct()
#7 /data/grissom/projs/wh_svr/yii/framework/gii/CCodeGenerator.php(63): CCodeGenerator->prepare()
#8 /data/grissom/projs/wh_svr/yii/framework/web/actions/CInlineAction.php(49): CCodeGenerator->actionIndex()
#9 /data/grissom/projs/wh_svr/yii/framework/web/CController.php(308): CInlineAction->runWithParams(Array)
#10 /data/grissom/projs/wh_svr/yii/framework/web/CController.php(286): CController->runAction(Object(CInlineAction))
#11 /data/grissom/projs/wh_svr/yii/framework/web/CController.php(265): CController->runActionWithFilters(Object(CInlineAction), Array)
#12 /data/grissom/projs/wh_svr/yii/framework/web/CWebApplication.php(282): CController->run('index')
#13 /data/grissom/projs/wh_svr/yii/framework/web/CWebApplication.php(141): CWebApplication->runController('gii/model/index')
#14 /data/grissom/projs/wh_svr/yii/framework/base/CApplication.php(184): CWebApplication->processRequest()
#15 /data/grissom/projs/wh_svr/yii/framework/wh_db/index.php(13): CApplication->run()
#16 {main}
REQUEST_URI=/grissom/wh_db/index.php?r=gii/model/index
HTTP_REFERER=http://10.1.163.59:8004/grissom/wh_db/index.php?r=gii/default/index
---
2015/05/03 05:11:44 [error] [exception.CHttpException.404] exception 'CHttpException' with message 'The system is unable to find the requested action "tables".' in /data/grissom/projs/wh_svr/yii/framework/web/CController.php:483
Stack trace:
#0 /data/grissom/projs/wh_svr/yii/framework/web/CController.php(270): CController->missingAction('tables')
#1 /data/grissom/projs/wh_svr/yii/framework/web/CWebApplication.php(282): CController->run('tables')
#2 /data/grissom/projs/wh_svr/yii/framework/web/CWebApplication.php(141): CWebApplication->runController('site/tables')
#3 /data/grissom/projs/wh_svr/yii/framework/base/CApplication.php(184): CWebApplication->processRequest()
#4 /data/grissom/projs/wh_svr/yii/framework/wh_db/index.php(13): CApplication->run()
#5 {main}
REQUEST_URI=/grissom/wh_db/index.php?r=site/tables
HTTP_REFERER=http://10.1.163.59:8004/grissom/wh_db/index.php
---
2015/05/03 05:12:01 [error] [exception.CHttpException.404] exception 'CHttpException' with message 'The system is unable to find the requested action "table".' in /data/grissom/projs/wh_svr/yii/framework/web/CController.php:483
Stack trace:
#0 /data/grissom/projs/wh_svr/yii/framework/web/CController.php(270): CController->missingAction('table')
#1 /data/grissom/projs/wh_svr/yii/framework/web/CWebApplication.php(282): CController->run('table')
#2 /data/grissom/projs/wh_svr/yii/framework/web/CWebApplication.php(141): CWebApplication->runController('site/table')
#3 /data/grissom/projs/wh_svr/yii/framework/base/CApplication.php(184): CWebApplication->processRequest()
#4 /data/grissom/projs/wh_svr/yii/framework/wh_db/index.php(13): CApplication->run()
#5 {main}
REQUEST_URI=/grissom/wh_db/index.php?r=site/table
HTTP_REFERER=http://10.1.163.59:8004/grissom/wh_db/index.php?r=site/index
---
